#
# There is insufficient memory for the Java Runtime Environment to continue.
# Native memory allocation (mmap) failed to map 132120576 bytes. Error detail: G1 virtual space
# Possible reasons:
#   The system is out of physical RAM or swap space
#   This process is running with CompressedOops enabled, and the Java Heap may be blocking the growth of the native heap
# Possible solutions:
#   Reduce memory load on the system
#   Increase physical memory or swap space
#   Check if swap backing store is full
#   Decrease Java heap size (-Xmx/-Xms)
#   Decrease number of Java threads
#   Decrease Java thread stack sizes (-Xss)
#   Set larger code cache with -XX:ReservedCodeCacheSize=
#   JVM is running with Unscaled Compressed Oops mode in which the Java heap is
#     placed in the first 4GB address space. The Java Heap base address is the
#     maximum limit for the native heap growth. Please use -XX:HeapBaseMinAddress
#     to set the Java Heap base and to place the Java Heap above 4GB virtual address.
# This output file may be truncated or incomplete.
#
#  Out of Memory Error (os_windows.cpp:3830), pid=5920, tid=9676
#
# JRE version:  (17.0.14+1) (build )
# Java VM: OpenJDK 64-Bit Server VM (17.0.14+1-b1367.22, mixed mode, emulated-client, sharing, tiered, compressed oops, compressed class ptrs, g1 gc, windows-amd64)
# No core dump will be written. Minidumps are not enabled by default on client versions of Windows
#

---------------  S U M M A R Y ------------

Command Line: -XX:TieredStopAtLevel=1 -Dspring.output.ansi.enabled=always -Dcom.sun.management.jmxremote -Dspring.jmx.enabled=true -Dspring.liveBeansView.mbeanDomain -Dspring.application.admin.enabled=true -Dmanagement.endpoints.jmx.exposure.include=* -javaagent:C:\Program Files\JetBrains\IntelliJ IDEA 2024.1\lib\idea_rt.jar=52338:C:\Program Files\JetBrains\IntelliJ IDEA 2024.1\bin -Dfile.encoding=UTF-8 tn.esprit.ruya.RUyaApplication

Host: Intel(R) Core(TM) i5-10300H CPU @ 2.50GHz, 8 cores, 7G,  Windows 11 , 64 bit Build 26100 (10.0.26100.4768)
Time: Wed Aug 13 20:42:48 2025 Paris, Madrid (heure duild 26100 (10.0.26100.4768) elapsed time: 0.021625 seconds (0d 0h 0m 0s)

---------------  T H R E A D  ---------------

Current thread (0x00000165f2fee870):  JavaThread "Unknown thread" [_thread_in_vm, id=9676, stack(0x0000004c0d400000,0x0000004c0d500000)]

Stack: [0x0000004c0d400000,0x0000004c0d500000]
Native frames: (J=compiled Java code, j=interpreted, Vv=VM code, C=native code)
V  [jvm.dll+0x68b969]  os::platform_print_native_stack+0xd9  (os_windows_x86.cpp:235)
V  [jvm.dll+0x84572a]  VMError::report+0xc6a  (vmError.cpp:868)
V  [jvm.dll+0x8473ae]  VMError::report_and_die+0x78e  (vmError.cpp:1766)
V  [jvm.dll+0x847a13]  VMError::report_and_die+0x43  (vmError.cpp:1552)
V  [jvm.dll+0x24a83f]  report_vm_out_of_memory+0x8f  (debug.cpp:321)
V  [jvm.dll+0x688629]  os::pd_commit_memory_or_exit+0xc9  (os_windows.cpp:3838)
V  [jvm.dll+0x67cf3a]  os::commit_memory_or_exit+0x2a  (os.cpp:1768)
V  [jvm.dll+0x30b83b]  G1PageBasedVirtualSpace::commit+0x19b  (g1PageBasedVirtualSpace.cpp:204)
V  [jvm.dll+0x312d26]  G1RegionsLargerThanCommitSizeMapper::commit_regions+0x96  (g1RegionToSpaceMapper.cpp:100)
V  [jvm.dll+0x3630fe]  HeapRegionManager::expand_any+0xee  (heapRegionManager.cpp:363)
V  [jvm.dll+0x36333f]  HeapRegionManager::expand_by+0x7f  (heapRegionManager.cpp:380)
V  [jvm.dll+0x2e18cc]  G1CollectedHeap::expand+0xbc  (g1CollectedHeap.cpp:1292)
V  [jvm.dll+0x2e2824]  G1CollectedHeap::initialize+0x664  (g1CollectedHeap.cpp:1713)
V  [jvm.dll+0x815ffb]  universe_init+0xbb  (universe.cpp:737)
V  [jvm.dll+0x370e88]  init_globals+0x48  (init.cpp:131)
V  [jvm.dll+0x7f4875]  Threads::create_vm+0x5e5  (thread.cpp:2909)
V  [jvm.dll+0x3f54ef]  JNI_CreateJavaVM_inner+0x8f  (jni.cpp:3654)
V  [jvm.dll+0x3f70c1]  JNI_CreateJavaVM+0x11  (jni.cpp:3746)
C  [jli.dll+0x52ab]  JavaMain+0x113  (java.c:413)
C  [ucrtbase.dll+0x37b0]
C  [KERNEL32.DLL+0x2e8d7]
C  [ntdll.dll+0x3c34c]


---------------  P R O C E S S  ---------------

Threads class SMR info:
_java_thread_list=0x00007ffc86019018, length=0, elements={
}

Java Threads: ( => current thread )

Other Threads:
  0x00000165f304aa70 GCTaskThread "GC Thread#0" [stack: 0x0000004c0d500000,0x0000004c0d600000] [id=22844]
  0x00000165f305cef0 ConcurrentGCThread "G1 Main Marker" [stack: 0x0000004c0d600000,0x0000004c0d700000] [id=22260]
  0x00000165f305e3a0 ConcurrentGCThread "G1 Conc#0" [stack: 0x0000004c0d700000,0x0000004c0d800000] [id=12544]

[error occurred during error reporting (printing all threads), id 0xc0000005, EXCEPTION_ACCESS_VIOLATION (0xc0000005) at pc=0x00007ffc857c2197]

VM state: not at safepoint (not fully initialized)

VM Mutex/Monitor currently owned by a thread:  ([mutex/lock_event])
[0x00000165f2feb930] Heap_lock - owner thread: 0x00000165f2fee870

Heap address: 0x0000000083600000, size: 1994 MB, Compressed Oops mode: 32-bit

CDS archive(s) mapped at: [0x0000000000000000-0x0000000000000000-0x0000000000000000), size 0, SharedBaseAddress: 0x0000000800000000, ArchiveRelocationMode: 1.
Narrow klass base: 0x0000000000000000, Narrow klass shift: 0, Narrow klass range: 0x0

GC Precious Log:
<Empty>

Heap:
 garbage-first heap   total 0K, used 0K [0x0000000083600000, 0x0000000100000000)
  region size 1024K, 0 young (0K), 0 survivors (0K)
 Metaspace       used 0K, committed 0K, reserved 0K
  class space    used 0K, committed 0K, reserved 0K

Heap Regions: E=young(eden), S=young(survivor), O=old, HS=humongous(starts), HC=humongous(continues), CS=collection set, F=free, OA=open archive, CA=closed archive, TAMS=top-at-mark-start (previous, next)

Card table byte_map: [0x00000165fba10000,0x00000165fbe00000] _byte_map_base: 0x00000165fb5f5000

Marking Bits (Prev, Next): (CMBitMap*) 0x00000165f304afa0, (CMBitMap*) 0x00000165f304afe0
 Prev Bits: [0x00000165fc1f0000, 0x00000165fe118000)
 Next Bits: [0x0000016580000000, 0x0000016581f28000)

GC Heap History (0 events):
No events

Dll operation events (1 events):
Event: 0.015 Loaded shared library C:\Users\Cyrine\.jdks\jbr-17.0.14\bin\java.dll

Deoptimization events (0 events):
No events

Classes loaded (0 events):
No events

Classes unloaded (0 events):
No events

Classes redefined (0 events):
No events

Internal exceptions (0 events):
No events

VM Operations (0 events):
No events

Memory protections (0 events):
No events

Nmethod flushes (0 events):
No events

Events (0 events):
No events


Dynamic libraries:
0x00007ff742e10000 - 0x00007ff742e1a000 	C:\Users\Cyrine\.jdks\jbr-17.0.14\bin\java.exe
0x00007ffd0af20000 - 0x00007ffd0b187000 	C:\WINDOWS\SYSTEM32\ntdll.dll
0x00007ffd0a380000 - 0x00007ffd0a449000 	C:\WINDOWS\System32\KERNEL32.DLL
0x00007ffd08050000 - 0x00007ffd08440000 	C:\WINDOWS\System32\KERNELBASE.dll
0x00007ffd088a0000 - 0x00007ffd089eb000 	C:\WINDOWS\System32\ucrtbase.dll
0x00007ffcfe960000 - 0x00007ffcfe977000 	C:\Users\Cyrine\.jdks\jbr-17.0.14\bin\jli.dll
0x00007ffd08fe0000 - 0x00007ffd091a5000 	C:\WINDOWS\System32\USER32.dll
0x00007ffd08870000 - 0x00007ffd08897000 	C:\WINDOWS\System32\win32u.dll
0x00007ffd08d40000 - 0x00007ffd08d6b000 	C:\WINDOWS\System32\GDI32.dll
0x00007ffd085d0000 - 0x00007ffd08708000 	C:\WINDOWS\System32\gdi32full.dll
0x00007ffce8b20000 - 0x00007ffce8dba000 	C:\WINDOWS\WinSxS\amd64_microsoft.windows.common-controls_6595b64144ccf1df_6.0.26100.4768_none_3e0c112ce331287c\COMCTL32.dll
0x00007ffd08c00000 - 0x00007ffd08ca3000 	C:\WINDOWS\System32\msvcp_win.dll
0x00007ffd0a010000 - 0x00007ffd0a0b9000 	C:\WINDOWS\System32\msvcrt.dll
0x00007ffcfe940000 - 0x00007ffcfe95b000 	C:\Users\Cyrine\.jdks\jbr-17.0.14\bin\VCRUNTIME140.dll
0x00007ffd0a470000 - 0x00007ffd0a49f000 	C:\WINDOWS\System32\IMM32.DLL
0x0000000057070000 - 0x000000005707c000 	C:\Program Files (x86)\360\Total Security\safemon\SafeWrapper.dll
0x00007ffd09c30000 - 0x00007ffd09ce4000 	C:\WINDOWS\System32\ADVAPI32.dll
0x00007ffd0a240000 - 0x00007ffd0a2e6000 	C:\WINDOWS\System32\sechost.dll
0x00007ffd0a4b0000 - 0x00007ffd0a5c8000 	C:\WINDOWS\System32\RPCRT4.dll
0x00007ffcba660000 - 0x00007ffcba70c000 	C:\Program Files (x86)\360\Total Security\safemon\libzdtp64.dll
0x00007ffd0a760000 - 0x00007ffd0aead000 	C:\WINDOWS\System32\SHELL32.dll
0x00007ffd08450000 - 0x00007ffd085c3000 	C:\WINDOWS\System32\wintypes.dll
0x00007ffd09640000 - 0x00007ffd099c5000 	C:\WINDOWS\System32\combase.dll
0x00007ffd0a5d0000 - 0x00007ffd0a63a000 	C:\WINDOWS\System32\SHLWAPI.dll
0x00007ffd07930000 - 0x00007ffd0793b000 	C:\WINDOWS\SYSTEM32\VERSION.dll
0x00007ffd00bf0000 - 0x00007ffd00bfc000 	C:\Users\Cyrine\.jdks\jbr-17.0.14\bin\vcruntime140_1.dll
0x00007ffccb460000 - 0x00007ffccb4ed000 	C:\Users\Cyrine\.jdks\jbr-17.0.14\bin\msvcp140.dll
0x00007ffc854d0000 - 0x00007ffc8615e000 	C:\Users\Cyrine\.jdks\jbr-17.0.14\bin\server\jvm.dll
0x00007ffd08cb0000 - 0x00007ffd08d24000 	C:\WINDOWS\System32\WS2_32.dll
0x00007ffd07eb0000 - 0x00007ffd07f0e000 	C:\WINDOWS\SYSTEM32\POWRPROF.dll
0x00007ffcfc440000 - 0x00007ffcfc475000 	C:\WINDOWS\SYSTEM32\WINMM.dll
0x00007ffd07e90000 - 0x00007ffd07ea4000 	C:\WINDOWS\SYSTEM32\UMPDC.dll
0x00007ffd06d60000 - 0x00007ffd06d7b000 	C:\WINDOWS\SYSTEM32\kernel.appcore.dll
0x00007ffd00220000 - 0x00007ffd0022a000 	C:\Users\Cyrine\.jdks\jbr-17.0.14\bin\jimage.dll
0x00007ffd05670000 - 0x00007ffd058b1000 	C:\WINDOWS\SYSTEM32\DBGHELP.DLL
0x00007ffd09b40000 - 0x00007ffd09c20000 	C:\WINDOWS\System32\OLEAUT32.dll
0x00007ffce82a0000 - 0x00007ffce82e3000 	C:\WINDOWS\SYSTEM32\dbgcore.DLL
0x00007ffd08710000 - 0x00007ffd087a9000 	C:\WINDOWS\System32\bcryptPrimitives.dll
0x00007ffcda690000 - 0x00007ffcda69e000 	C:\Users\Cyrine\.jdks\jbr-17.0.14\bin\instrument.dll
0x00007ffccf670000 - 0x00007ffccf695000 	C:\Users\Cyrine\.jdks\jbr-17.0.14\bin\java.dll

dbghelp: loaded successfully - version: 4.0.5 - missing functions: none
symbol engine: initialized successfully - sym options: 0x614 - pdb path: .;C:\Users\Cyrine\.jdks\jbr-17.0.14\bin;C:\WINDOWS\SYSTEM32;C:\WINDOWS\WinSxS\amd64_microsoft.windows.common-controls_6595b64144ccf1df_6.0.26100.4768_none_3e0c112ce331287c;C:\Program Files (x86)\360\Total Security\safemon;C:\Users\Cyrine\.jdks\jbr-17.0.14\bin\server

VM Arguments:
jvm_args: -XX:TieredStopAtLevel=1 -Dspring.output.ansi.enabled=always -Dcom.sun.management.jmxremote -Dspring.jmx.enabled=true -Dspring.liveBeansView.mbeanDomain -Dspring.application.admin.enabled=true -Dmanagement.endpoints.jmx.exposure.include=* -javaagent:C:\Program Files\JetBrains\IntelliJ IDEA 2024.1\lib\idea_rt.jar=52338:C:\Program Files\JetBrains\IntelliJ IDEA 2024.1\bin -Dfile.encoding=UTF-8 
java_command: tn.esprit.ruya.RUyaApplication
java_class_path (initial): C:\Users\Cyrine\Downloads\RUya-mainF\RUya-main\RUya\RUya\target\classes;C:\Users\Cyrine\.m2\repository\org\springframework\boot\spring-boot-starter-web\3.5.3\spring-boot-starter-web-3.5.3.jar;C:\Users\Cyrine\.m2\repository\org\springframework\boot\spring-boot-starter\3.5.3\spring-boot-starter-3.5.3.jar;C:\Users\Cyrine\.m2\repository\org\springframework\boot\spring-boot-starter-logging\3.5.3\spring-boot-starter-logging-3.5.3.jar;C:\Users\Cyrine\.m2\repository\ch\qos\logback\logback-classic\1.5.18\logback-classic-1.5.18.jar;C:\Users\Cyrine\.m2\repository\ch\qos\logback\logback-core\1.5.18\logback-core-1.5.18.jar;C:\Users\Cyrine\.m2\repository\org\apache\logging\log4j\log4j-to-slf4j\2.24.3\log4j-to-slf4j-2.24.3.jar;C:\Users\Cyrine\.m2\repository\org\apache\logging\log4j\log4j-api\2.24.3\log4j-api-2.24.3.jar;C:\Users\Cyrine\.m2\repository\org\slf4j\jul-to-slf4j\2.0.17\jul-to-slf4j-2.0.17.jar;C:\Users\Cyrine\.m2\repository\jakarta\annotation\jakarta.annotation-api\2.1.1\jakarta.annotation-api-2.1.1.jar;C:\Users\Cyrine\.m2\repository\org\yaml\snakeyaml\2.4\snakeyaml-2.4.jar;C:\Users\Cyrine\.m2\repository\org\springframework\boot\spring-boot-starter-json\3.5.3\spring-boot-starter-json-3.5.3.jar;C:\Users\Cyrine\.m2\repository\com\fasterxml\jackson\core\jackson-databind\2.19.1\jackson-databind-2.19.1.jar;C:\Users\Cyrine\.m2\repository\com\fasterxml\jackson\core\jackson-annotations\2.19.1\jackson-annotations-2.19.1.jar;C:\Users\Cyrine\.m2\repository\com\fasterxml\jackson\core\jackson-core\2.19.1\jackson-core-2.19.1.jar;C:\Users\Cyrine\.m2\repository\com\fasterxml\jackson\datatype\jackson-datatype-jdk8\2.19.1\jackson-datatype-jdk8-2.19.1.jar;C:\Users\Cyrine\.m2\repository\com\fasterxml\jackson\datatype\jackson-datatype-jsr310\2.19.1\jackson-datatype-jsr310-2.19.1.jar;C:\Users\Cyrine\.m2\repository\com\fasterxml\jackson\module\jackson-module-parameter-names\2.19.1\jackson-module-parameter-names-2.19.1.jar;C:\Users\Cyrine\.m2\repository\org\springfra
Launcher Type: SUN_STANDARD

[Global flags]
     intx CICompilerCount                          = 4                                         {product} {ergonomic}
     uint ConcGCThreads                            = 2                                         {product} {ergonomic}
     uint G1ConcRefinementThreads                  = 8                                         {product} {ergonomic}
   size_t G1HeapRegionSize                         = 1048576                                   {product} {ergonomic}
    uintx GCDrainStackTargetSize                   = 64                                        {product} {ergonomic}
   size_t InitialHeapSize                          = 132120576                                 {product} {ergonomic}
     bool ManagementServer                         = true                                      {product} {command line}
   size_t MarkStackSize                            = 4194304                                   {product} {ergonomic}
   size_t MaxHeapSize                              = 2090860544                                {product} {ergonomic}
   size_t MinHeapDeltaBytes                        = 1048576                                   {product} {ergonomic}
   size_t MinHeapSize                              = 8388608                                   {product} {ergonomic}
    uintx NonProfiledCodeHeapSize                  = 0                                      {pd product} {ergonomic}
     bool ProfileInterpreter                       = false                                  {pd product} {command line}
    uintx ProfiledCodeHeapSize                     = 0                                      {pd product} {ergonomic}
   size_t SoftMaxHeapSize                          = 2090860544                             {manageable} {ergonomic}
     intx TieredStopAtLevel                        = 1                                         {product} {command line}
     bool UseCompressedClassPointers               = true                           {product lp64_product} {ergonomic}
     bool UseCompressedOops                        = true                           {product lp64_product} {ergonomic}
     bool UseG1GC                                  = true                                      {product} {ergonomic}
     bool UseLargePagesIndividualAllocation        = false                                  {pd product} {ergonomic}

Logging:
Log output configuration:
 #0: stdout all=warning uptime,level,tags
 #1: stderr all=off uptime,level,tags

Environment Variables:
JAVA_HOME=C:\Users\Cyrine\AppData\Local\Android\Sdk
PATH=C:\Program Files\nodejs;C:\Program Files\cursor\resources\app\bin;C:\Program Files\Git\cmd;c:\Users\Cyrine\AppData\Local\Programs\Trae\bin;C:\Users\Cyrine\AppData\Local\Programs\Eclipse Adoptium\jdk-21.0.6.7-hotspot\bin;C:\Users\Cyrine\scoop\shims;C:\Python\Python310\Scripts\;C:\Python\Python310\;C:\Users\Cyrine\AppData\Local\Microsoft\WindowsApps;C:\Users\Cyrine\AppData\Local\Programs\Microsoft VS Code\bin;C:\ProgramData\Cyrine\GitHubDesktop\bin;C:\Users\Cyrine\AppData\Local\GitHubDesktop\bin;C:\Program Files\CMake\bin;C:\Users\Cyrine\AppData\Roaming\Composer\vendor\bin;C:\Users\Cyrine\AppData\Local\Android\Sdk\platform-tools;C:\Users\Cyrine\AppData\Local\Android\Sdk\tools;C:\Users\Skander\.jdks\jbr-17.0.8\bin;C:\flutter\bin;C:\Users\Cyrine\AppData\Roaming\npm;C:\Users\Cyrine\AppData\Local\Programs\cursor\resources\app\bin;C:\Users\Cyrine\AppData\Local\Programs\Windsurf\bin
USERNAME=Cyrine
OS=Windows_NT
PROCESSOR_IDENTIFIER=Intel64 Family 6 Model 165 Stepping 2, GenuineIntel
TMP=C:\Users\Cyrine\AppData\Local\Temp
TEMP=C:\Users\Cyrine\AppData\Local\Temp



Periodic native trim disabled

JNI global refs:
JNI global refs: 0, weak refs: 0

JNI global refs memory usage: 0, weak refs: 0

Process memory usage:
Resident Set Size: 53416K (0% of 8159348K total physical memory with 649648K free physical memory)

OOME stack traces (most recent first):
Classloader memory used:


---------------  S Y S T E M  ---------------

OS:
 Windows 11 , 64 bit Build 26100 (10.0.26100.4768)
OS uptime: 0 days 5:24 hours

CPU: total 8 (initial active 8) (4 cores per cpu, 2 threads per core) family 6 model 165 stepping 2 microcode 0xf0, cx8, cmov, fxsr, ht, mmx, 3dnowpref, sse, sse2, sse3, ssse3, sse4.1, sse4.2, popcnt, lzcnt, tsc, tscinvbit, avx, avx2, aes, erms, clmul, bmi1, bmi2, adx, fma, vzeroupper, clflush, clflushopt
Processor Information for all 8 processors :
  Max Mhz: 2496, Current Mhz: 2496, Mhz Limit: 2496

Memory: 4k page, system-wide physical 7968M (634M free)
TotalPageFile size 20828M (AvailPageFile size 11M)
current process WorkingSet (physical memory assigned to process): 52M, peak: 52M
current process commit charge ("private bytes"): 94M, peak: 182M

vm_info: OpenJDK 64-Bit Server VM (17.0.14+1-b1367.22) for windows-amd64 JRE (17.0.14+1-b1367.22), built on 2025-01-30 by "builduser" with MS VC++ 16.10 / 16.11 (VS2019)

END.
